2025-01-21T07:01:59.433-03:00  INFO 15072 --- [VidaLongaFlix] [main] c.d.V.u.repository.UserRepositoryTest    : Starting UserRepositoryTest using Java 17.0.9 with PID 15072 (started by amand in C:\Java-Spring-2024\VidaLongaFlix)
2025-01-21T07:01:59.448-03:00  INFO 15072 --- [VidaLongaFlix] [main] c.d.V.u.repository.UserRepositoryTest    : No active profile set, falling back to 1 default profile: "default"
2025-01-21T07:02:01.036-03:00  INFO 15072 --- [VidaLongaFlix] [main] .s.d.r.c.RepositoryConfigurationDelegate : Bootstrapping Spring Data JPA repositories in DEFAULT mode.
2025-01-21T07:02:01.157-03:00  INFO 15072 --- [VidaLongaFlix] [main] .s.d.r.c.RepositoryConfigurationDelegate : Finished Spring Data repository scanning in 105 ms. Found 2 JPA repository interfaces.
2025-01-21T07:02:01.329-03:00  INFO 15072 --- [VidaLongaFlix] [main] beddedDataSourceBeanFactoryPostProcessor : Replacing 'dataSource' DataSource bean with embedded version
2025-01-21T07:02:01.998-03:00  INFO 15072 --- [VidaLongaFlix] [main] o.s.j.d.e.EmbeddedDatabaseFactory        : Starting embedded database: url='jdbc:h2:mem:d5d4d1ff-98c7-4423-9fbd-99eb165b2527;DB_CLOSE_DELAY=-1;DB_CLOSE_ON_EXIT=false', username='sa'
2025-01-21T07:02:02.686-03:00  WARN 15072 --- [VidaLongaFlix] [main] o.f.c.internal.database.base.Database    : Flyway upgrade recommended: H2 2.2.224 is newer than this version of Flyway and support has not been tested. The latest supported version of H2 is 2.2.220.
2025-01-21T07:02:04.207-03:00  INFO 15072 --- [VidaLongaFlix] [main] o.s.o.j.p.SpringPersistenceUnitInfo      : No LoadTimeWeaver setup: ignoring JPA class transformer
2025-01-21T07:02:04.335-03:00  WARN 15072 --- [VidaLongaFlix] [main] org.hibernate.orm.deprecation            : HHH90000025: H2Dialect does not need to be specified explicitly using 'hibernate.dialect' (remove the property setting and it will be selected by default)
2025-01-21T07:02:06.613-03:00  INFO 15072 --- [VidaLongaFlix] [main] j.LocalContainerEntityManagerFactoryBean : Initialized JPA EntityManagerFactory for persistence unit 'default'
2025-01-21T07:02:07.634-03:00  INFO 15072 --- [VidaLongaFlix] [main] c.d.V.u.repository.UserRepositoryTest    : Started UserRepositoryTest in 9.12 seconds (process running for 11.594)
2025-01-21T07:02:09.246-03:00  INFO 15072 --- [VidaLongaFlix] [SpringApplicationShutdownHook] j.LocalContainerEntityManagerFactoryBean : Closing JPA EntityManagerFactory for persistence unit 'default'
2025-01-21T07:02:26.059-03:00  INFO 11736 --- [VidaLongaFlix] [main] c.d.V.u.repository.RoleRepositoryTest    : Starting RoleRepositoryTest using Java 17.0.9 with PID 11736 (started by amand in C:\Java-Spring-2024\VidaLongaFlix)
2025-01-21T07:02:26.062-03:00  INFO 11736 --- [VidaLongaFlix] [main] c.d.V.u.repository.RoleRepositoryTest    : No active profile set, falling back to 1 default profile: "default"
2025-01-21T07:02:27.178-03:00  INFO 11736 --- [VidaLongaFlix] [main] .s.d.r.c.RepositoryConfigurationDelegate : Bootstrapping Spring Data JPA repositories in DEFAULT mode.
2025-01-21T07:02:27.354-03:00  INFO 11736 --- [VidaLongaFlix] [main] .s.d.r.c.RepositoryConfigurationDelegate : Finished Spring Data repository scanning in 152 ms. Found 2 JPA repository interfaces.
2025-01-21T07:02:27.517-03:00  INFO 11736 --- [VidaLongaFlix] [main] beddedDataSourceBeanFactoryPostProcessor : Replacing 'dataSource' DataSource bean with embedded version
2025-01-21T07:02:28.134-03:00  INFO 11736 --- [VidaLongaFlix] [main] o.s.j.d.e.EmbeddedDatabaseFactory        : Starting embedded database: url='jdbc:h2:mem:ea3394cf-abca-446c-99a2-ff327b2442cb;DB_CLOSE_DELAY=-1;DB_CLOSE_ON_EXIT=false', username='sa'
2025-01-21T07:02:28.920-03:00  WARN 11736 --- [VidaLongaFlix] [main] o.f.c.internal.database.base.Database    : Flyway upgrade recommended: H2 2.2.224 is newer than this version of Flyway and support has not been tested. The latest supported version of H2 is 2.2.220.
2025-01-21T07:02:30.426-03:00  INFO 11736 --- [VidaLongaFlix] [main] o.s.o.j.p.SpringPersistenceUnitInfo      : No LoadTimeWeaver setup: ignoring JPA class transformer
2025-01-21T07:02:30.529-03:00  WARN 11736 --- [VidaLongaFlix] [main] org.hibernate.orm.deprecation            : HHH90000025: H2Dialect does not need to be specified explicitly using 'hibernate.dialect' (remove the property setting and it will be selected by default)
2025-01-21T07:02:32.942-03:00  INFO 11736 --- [VidaLongaFlix] [main] j.LocalContainerEntityManagerFactoryBean : Initialized JPA EntityManagerFactory for persistence unit 'default'
2025-01-21T07:02:33.903-03:00  INFO 11736 --- [VidaLongaFlix] [main] c.d.V.u.repository.RoleRepositoryTest    : Started RoleRepositoryTest in 8.778 seconds (process running for 11.264)
2025-01-21T07:02:35.242-03:00  WARN 11736 --- [VidaLongaFlix] [main] o.h.engine.jdbc.spi.SqlExceptionHelper   : SQL Error: 23505, SQLState: 23505
2025-01-21T07:02:35.242-03:00 ERROR 11736 --- [VidaLongaFlix] [main] o.h.engine.jdbc.spi.SqlExceptionHelper   : Unique index or primary key violation: "PUBLIC.CONSTRAINT_INDEX_4 ON PUBLIC.ROLES(NAME NULLS FIRST) VALUES ( /* 1 */ 'ROLE_USER' )"; SQL statement:
insert into roles (name,id) values (?,?) [23505-224]
2025-01-21T07:02:35.334-03:00  WARN 11736 --- [VidaLongaFlix] [main] o.h.engine.jdbc.spi.SqlExceptionHelper   : SQL Error: 23505, SQLState: 23505
2025-01-21T07:02:35.334-03:00 ERROR 11736 --- [VidaLongaFlix] [main] o.h.engine.jdbc.spi.SqlExceptionHelper   : Unique index or primary key violation: "PUBLIC.CONSTRAINT_INDEX_4 ON PUBLIC.ROLES(NAME NULLS FIRST) VALUES ( /* 1 */ 'ROLE_USER' )"; SQL statement:
insert into roles (name,id) values (?,?) [23505-224]
2025-01-21T07:02:35.362-03:00  INFO 11736 --- [VidaLongaFlix] [SpringApplicationShutdownHook] j.LocalContainerEntityManagerFactoryBean : Closing JPA EntityManagerFactory for persistence unit 'default'
2025-01-21T07:04:35.915-03:00  INFO 16288 --- [VidaLongaFlix] [main] c.d.V.u.repository.RoleRepositoryTest    : Starting RoleRepositoryTest using Java 17.0.9 with PID 16288 (started by amand in C:\Java-Spring-2024\VidaLongaFlix)
2025-01-21T07:04:35.919-03:00  INFO 16288 --- [VidaLongaFlix] [main] c.d.V.u.repository.RoleRepositoryTest    : No active profile set, falling back to 1 default profile: "default"
2025-01-21T07:04:36.957-03:00  INFO 16288 --- [VidaLongaFlix] [main] .s.d.r.c.RepositoryConfigurationDelegate : Bootstrapping Spring Data JPA repositories in DEFAULT mode.
2025-01-21T07:04:37.109-03:00  INFO 16288 --- [VidaLongaFlix] [main] .s.d.r.c.RepositoryConfigurationDelegate : Finished Spring Data repository scanning in 134 ms. Found 2 JPA repository interfaces.
2025-01-21T07:04:37.277-03:00  INFO 16288 --- [VidaLongaFlix] [main] beddedDataSourceBeanFactoryPostProcessor : Replacing 'dataSource' DataSource bean with embedded version
2025-01-21T07:04:37.997-03:00  INFO 16288 --- [VidaLongaFlix] [main] o.s.j.d.e.EmbeddedDatabaseFactory        : Starting embedded database: url='jdbc:h2:mem:b18a74e4-e803-4073-a235-3ba3ce6700ea;DB_CLOSE_DELAY=-1;DB_CLOSE_ON_EXIT=false', username='sa'
2025-01-21T07:04:38.707-03:00  WARN 16288 --- [VidaLongaFlix] [main] o.f.c.internal.database.base.Database    : Flyway upgrade recommended: H2 2.2.224 is newer than this version of Flyway and support has not been tested. The latest supported version of H2 is 2.2.220.
2025-01-21T07:04:40.134-03:00  INFO 16288 --- [VidaLongaFlix] [main] o.s.o.j.p.SpringPersistenceUnitInfo      : No LoadTimeWeaver setup: ignoring JPA class transformer
2025-01-21T07:04:40.264-03:00  WARN 16288 --- [VidaLongaFlix] [main] org.hibernate.orm.deprecation            : HHH90000025: H2Dialect does not need to be specified explicitly using 'hibernate.dialect' (remove the property setting and it will be selected by default)
2025-01-21T07:04:42.621-03:00  INFO 16288 --- [VidaLongaFlix] [main] j.LocalContainerEntityManagerFactoryBean : Initialized JPA EntityManagerFactory for persistence unit 'default'
2025-01-21T07:04:43.545-03:00  INFO 16288 --- [VidaLongaFlix] [main] c.d.V.u.repository.RoleRepositoryTest    : Started RoleRepositoryTest in 8.65 seconds (process running for 11.33)
2025-01-21T07:04:45.015-03:00  INFO 16288 --- [VidaLongaFlix] [SpringApplicationShutdownHook] j.LocalContainerEntityManagerFactoryBean : Closing JPA EntityManagerFactory for persistence unit 'default'
2025-01-21T07:07:00.795-03:00  INFO 356 --- [VidaLongaFlix] [main] c.d.V.u.repository.RoleRepositoryTest    : Starting RoleRepositoryTest using Java 17.0.9 with PID 356 (started by amand in C:\Java-Spring-2024\VidaLongaFlix)
2025-01-21T07:07:00.798-03:00  INFO 356 --- [VidaLongaFlix] [main] c.d.V.u.repository.RoleRepositoryTest    : No active profile set, falling back to 1 default profile: "default"
2025-01-21T07:07:01.844-03:00  INFO 356 --- [VidaLongaFlix] [main] .s.d.r.c.RepositoryConfigurationDelegate : Bootstrapping Spring Data JPA repositories in DEFAULT mode.
2025-01-21T07:07:02.028-03:00  INFO 356 --- [VidaLongaFlix] [main] .s.d.r.c.RepositoryConfigurationDelegate : Finished Spring Data repository scanning in 154 ms. Found 2 JPA repository interfaces.
2025-01-21T07:07:02.188-03:00  INFO 356 --- [VidaLongaFlix] [main] beddedDataSourceBeanFactoryPostProcessor : Replacing 'dataSource' DataSource bean with embedded version
2025-01-21T07:07:02.852-03:00  INFO 356 --- [VidaLongaFlix] [main] o.s.j.d.e.EmbeddedDatabaseFactory        : Starting embedded database: url='jdbc:h2:mem:b72a0869-7c26-4fcf-a2ed-b6b610177f8f;DB_CLOSE_DELAY=-1;DB_CLOSE_ON_EXIT=false', username='sa'
2025-01-21T07:07:03.511-03:00  WARN 356 --- [VidaLongaFlix] [main] o.f.c.internal.database.base.Database    : Flyway upgrade recommended: H2 2.2.224 is newer than this version of Flyway and support has not been tested. The latest supported version of H2 is 2.2.220.
2025-01-21T07:07:04.991-03:00  INFO 356 --- [VidaLongaFlix] [main] o.s.o.j.p.SpringPersistenceUnitInfo      : No LoadTimeWeaver setup: ignoring JPA class transformer
2025-01-21T07:07:05.095-03:00  WARN 356 --- [VidaLongaFlix] [main] org.hibernate.orm.deprecation            : HHH90000025: H2Dialect does not need to be specified explicitly using 'hibernate.dialect' (remove the property setting and it will be selected by default)
2025-01-21T07:07:07.334-03:00  INFO 356 --- [VidaLongaFlix] [main] j.LocalContainerEntityManagerFactoryBean : Initialized JPA EntityManagerFactory for persistence unit 'default'
2025-01-21T07:07:08.282-03:00  INFO 356 --- [VidaLongaFlix] [main] c.d.V.u.repository.RoleRepositoryTest    : Started RoleRepositoryTest in 8.385 seconds (process running for 10.898)
2025-01-21T07:07:09.899-03:00  INFO 356 --- [VidaLongaFlix] [SpringApplicationShutdownHook] j.LocalContainerEntityManagerFactoryBean : Closing JPA EntityManagerFactory for persistence unit 'default'
